<?xml version="1.0" encoding="UTF-8"?>
<!-- Generated by org.testng.reporters.JUnitReportReporter -->
<testsuite hostname="CA-LAP-356" failures="0" tests="1" name="com.itfactory.model.TriangleTest" time="0.000" errors="0" timestamp="2023-09-16T18:42:00 EEST" skipped="0">
  <testcase classname="com.itfactory.model.TriangleTest" name="testCalculatePerimeter" time="0.000"/>
</testsuite> <!-- com.itfactory.model.TriangleTest -->
