<?xml version="1.0" encoding="UTF-8"?>
<!-- Generated by org.testng.reporters.JUnitReportReporter -->
<testsuite hostname="CA-LAP-356" failures="0" tests="1" name="com.itfactory.model.CircleTest" time="0.008" errors="0" timestamp="2023-10-03T06:39:25 EEST" skipped="0">
  <testcase classname="com.itfactory.model.CircleTest" name="testCalculatePerimeter" time="0.008"/>
</testsuite> <!-- com.itfactory.model.CircleTest -->
