<?xml version="1.0" encoding="UTF-8"?>
<!-- Generated by org.testng.reporters.JUnitReportReporter -->
<testsuite hostname="CA-LAP-356" failures="0" tests="1" name="com.itfactory.model.SquareTest" time="0.001" errors="0" timestamp="2023-09-17T22:42:30 EEST" skipped="0">
  <testcase classname="com.itfactory.model.SquareTest" name="testCalculatePerimeter" time="0.001"/>
</testsuite> <!-- com.itfactory.model.SquareTest -->
