<?xml version="1.0" encoding="UTF-8"?>
<!-- Generated by org.testng.reporters.JUnitReportReporter -->
<testsuite hostname="CA-LAP-356" failures="0" tests="1" name="com.itfactory.model.RectangleTest" time="0.001" errors="0" timestamp="2023-09-16T18:42:00 EEST" skipped="0">
  <testcase classname="com.itfactory.model.RectangleTest" name="testCalculatePerimeter" time="0.001"/>
</testsuite> <!-- com.itfactory.model.RectangleTest -->
