<?xml version="1.0" encoding="UTF-8"?>
<!-- Generated by org.testng.reporters.JUnitReportReporter -->
<testsuite hostname="CA-LAP-356" failures="0" tests="1" name="com.itfactory.model.SquareTest" time="0.002" errors="0" timestamp="2023-10-03T06:39:25 EEST" skipped="0">
  <testcase classname="com.itfactory.model.SquareTest" name="testCalculatePerimeter" time="0.002"/>
</testsuite> <!-- com.itfactory.model.SquareTest -->
